[debug] [2025-07-11T14:01:01.358Z] ----------------------------------------------------------------------
[debug] [2025-07-11T14:01:01.369Z] Command:       F:\node.exe C:\Users\PC STORE\AppData\Roaming\npm\node_modules\firebase-tools\lib\bin\firebase.js init hosting
[debug] [2025-07-11T14:01:01.371Z] CLI Version:   14.10.1
[debug] [2025-07-11T14:01:01.371Z] Platform:      win32
[debug] [2025-07-11T14:01:01.372Z] Node Version:  v22.17.0
[debug] [2025-07-11T14:01:01.372Z] Time:          Fri Jul 11 2025 15:01:01 GMT+0100 (British Summer Time)
[debug] [2025-07-11T14:01:01.373Z] ----------------------------------------------------------------------
[debug] 
[debug] [2025-07-11T14:01:01.391Z] > command requires scopes: ["email","openid","https://www.googleapis.com/auth/cloudplatformprojects.readonly","https://www.googleapis.com/auth/firebase","https://www.googleapis.com/auth/cloud-platform"]
[debug] [2025-07-11T14:01:01.392Z] > authorizing via signed-in user (fettakazahed@gmail.com)
[info] 
     ######## #### ########  ######## ########     ###     ######  ########
     ##        ##  ##     ## ##       ##     ##  ##   ##  ##       ##
     ######    ##  ########  ######   ########  #########  ######  ######
     ##        ##  ##    ##  ##       ##     ## ##     ##       ## ##
     ##       #### ##     ## ######## ########  ##     ##  ######  ########

You're about to initialize a Firebase project in this directory:

  F:\Games\zahed\search3

[info] 
=== Project Setup
[info] 
[info] First, let's associate this project directory with a Firebase project.
[info] You can create multiple project aliases by running firebase use --add, 
[info] but for now we'll just set up a default project.
[info] 
